SF:lib/textfield_search.dart
DA:36,1
DA:48,1
DA:50,1
DA:51,1
DA:66,1
DA:67,1
DA:68,2
DA:70,1
DA:71,1
DA:74,2
DA:77,1
DA:78,1
DA:79,2
DA:80,1
DA:85,1
DA:86,2
DA:88,1
DA:89,1
DA:91,7
DA:96,2
DA:99,1
DA:102,2
DA:103,7
DA:104,1
DA:105,5
DA:106,1
DA:108,1
DA:110,4
DA:112,2
DA:114,2
DA:115,1
DA:116,1
DA:117,5
DA:119,3
DA:123,2
DA:124,1
DA:125,5
DA:127,3
DA:132,1
DA:136,1
DA:140,1
DA:141,1
DA:143,3
DA:146,1
DA:148,4
DA:151,2
DA:152,1
DA:153,5
DA:155,3
DA:159,1
DA:162,1
DA:163,1
DA:165,3
DA:166,4
DA:170,4
DA:173,2
DA:174,2
DA:175,1
DA:180,3
DA:181,2
DA:182,2
DA:183,4
DA:185,2
DA:188,4
DA:190,1
DA:191,3
DA:195,3
DA:197,2
DA:199,1
DA:200,7
DA:202,5
DA:204,4
DA:205,1
DA:211,1
DA:214,3
DA:215,1
DA:218,1
DA:219,2
DA:220,1
DA:223,1
DA:224,1
DA:225,1
DA:226,1
DA:228,3
DA:229,2
DA:230,1
DA:233,1
DA:235,2
DA:237,1
DA:238,1
DA:239,1
DA:245,1
DA:246,1
DA:247,2
DA:248,1
DA:249,1
DA:250,1
DA:252,2
DA:255,2
DA:256,6
DA:257,5
DA:259,5
DA:263,1
DA:265,2
DA:267,1
DA:268,2
DA:269,4
DA:270,3
DA:278,1
DA:279,1
DA:282,1
DA:283,1
DA:284,1
DA:285,4
DA:291,1
DA:292,3
DA:293,1
DA:294,2
DA:295,4
DA:296,2
DA:300,1
DA:303,1
DA:304,5
DA:305,7
DA:306,1
DA:307,2
DA:308,2
DA:313,1
DA:314,1
DA:317,1
DA:318,3
DA:319,5
DA:320,3
DA:323,3
DA:329,1
DA:330,2
DA:331,1
DA:332,3
DA:333,1
DA:334,1
DA:335,2
DA:336,1
DA:337,1
DA:338,1
DA:340,3
DA:341,1
DA:343,1
DA:344,1
DA:348,2
DA:350,1
DA:351,1
DA:352,1
DA:358,1
DA:360,1
DA:361,1
DA:362,1
DA:363,2
DA:364,1
DA:365,2
DA:366,2
DA:367,3
DA:368,2
DA:369,1
DA:371,3
DA:372,2
DA:373,1
DA:374,1
DA:376,1
DA:397,1
DA:399,1
DA:400,1
DA:401,2
DA:403,4
DA:408,1
LF:174
LH:174
end_of_record
