SF:lib\textfield_search.dart
DA:36,1
DA:49,1
DA:51,1
DA:52,1
DA:67,1
DA:68,1
DA:69,2
DA:71,1
DA:72,1
DA:75,2
DA:78,1
DA:79,1
DA:80,2
DA:81,1
DA:86,1
DA:87,2
DA:89,1
DA:90,1
DA:92,7
DA:97,2
DA:100,1
DA:103,2
DA:104,7
DA:105,1
DA:106,5
DA:107,1
DA:109,1
DA:111,4
DA:113,2
DA:115,2
DA:116,1
DA:117,1
DA:118,5
DA:120,3
DA:124,2
DA:125,1
DA:126,5
DA:128,3
DA:133,1
DA:137,1
DA:141,1
DA:142,1
DA:144,3
DA:147,1
DA:149,4
DA:152,2
DA:153,1
DA:154,5
DA:156,3
DA:160,1
DA:163,1
DA:164,1
DA:166,3
DA:167,4
DA:171,4
DA:174,2
DA:175,2
DA:176,1
DA:181,3
DA:182,2
DA:183,2
DA:184,4
DA:186,2
DA:189,4
DA:191,1
DA:192,3
DA:196,3
DA:198,2
DA:200,1
DA:201,7
DA:203,5
DA:205,4
DA:206,1
DA:212,1
DA:215,3
DA:216,1
DA:219,1
DA:220,2
DA:221,1
DA:224,1
DA:225,1
DA:226,1
DA:227,1
DA:229,3
DA:230,2
DA:231,1
DA:234,1
DA:236,2
DA:238,1
DA:239,1
DA:240,1
DA:246,1
DA:247,1
DA:248,2
DA:249,1
DA:250,1
DA:251,1
DA:253,2
DA:256,2
DA:257,6
DA:258,5
DA:260,5
DA:264,1
DA:266,2
DA:268,1
DA:269,2
DA:270,4
DA:271,3
DA:279,1
DA:280,1
DA:283,1
DA:284,1
DA:285,1
DA:286,4
DA:292,1
DA:293,3
DA:294,1
DA:295,6
DA:296,2
DA:300,1
DA:303,1
DA:304,5
DA:305,7
DA:307,1
DA:308,2
DA:309,2
DA:315,1
DA:316,1
DA:319,1
DA:320,3
DA:322,5
DA:323,3
DA:326,3
DA:332,1
DA:333,2
DA:334,1
DA:335,3
DA:336,1
DA:337,1
DA:338,2
DA:339,1
DA:340,1
DA:341,1
DA:343,3
DA:344,1
DA:346,1
DA:347,1
DA:351,2
DA:353,1
DA:354,1
DA:355,1
DA:361,1
DA:363,1
DA:364,1
DA:365,1
DA:366,2
DA:367,1
DA:368,2
DA:369,2
DA:370,3
DA:371,2
DA:372,1
DA:374,3
DA:375,2
DA:376,1
DA:377,1
DA:379,1
DA:400,1
DA:402,1
DA:403,1
DA:404,2
DA:406,4
DA:411,1
LF:173
LH:173
end_of_record
